<?xml version="1.0" encoding="UTF-8"?>
<testng-results ignored="0" total="1" passed="1" failed="0" skipped="0">
  <reporter-output>
  </reporter-output>
  <suite started-at="2025-06-15T13:13:50 IST" name="Default suite" finished-at="2025-06-15T13:14:13 IST" duration-ms="22551">
    <groups>
      <group name="cucumber">
        <method signature="AbstractTestNGCucumberTests.runScenario(io.cucumber.testng.PickleWrapper,io.cucumber.testng.FeatureWrapper)[pri:0, instance:runners.TextBoxTestRunner@38102d01]" name="runScenario" class="io.cucumber.testng.AbstractTestNGCucumberTests"/>
      </group> <!-- cucumber -->
    </groups>
    <test started-at="2025-06-15T13:13:50 IST" name="Default test" finished-at="2025-06-15T13:14:13 IST" duration-ms="22551">
      <class name="runners.TextBoxTestRunner">
        <test-method is-config="true" signature="setUpClass(org.testng.ITestContext)[pri:0, instance:runners.TextBoxTestRunner@38102d01]" started-at="2025-06-15T13:13:50 IST" name="setUpClass" finished-at="2025-06-15T13:13:51 IST" duration-ms="373" status="PASS">
          <params>
            <param index="0">
              <value>
                <![CDATA[org.testng.TestRunner@12477988]]>
              </value>
            </param>
          </params>
          <reporter-output>
          </reporter-output>
        </test-method> <!-- setUpClass -->
        <test-method signature="runScenario(io.cucumber.testng.PickleWrapper,io.cucumber.testng.FeatureWrapper)[pri:0, instance:runners.TextBoxTestRunner@38102d01]" started-at="2025-06-15T13:13:51 IST" name="runScenario" description="Runs Cucumber Scenarios" data-provider="scenarios" finished-at="2025-06-15T13:14:13 IST" duration-ms="22111" status="PASS">
          <params>
            <param index="0">
              <value>
                <![CDATA["Validate Send Keys"]]>
              </value>
            </param>
            <param index="1">
              <value>
                <![CDATA["Test some text box in Test leaf web page"]]>
              </value>
            </param>
          </params>
          <reporter-output>
          </reporter-output>
        </test-method> <!-- runScenario -->
        <test-method is-config="true" signature="tearDownClass()[pri:0, instance:runners.TextBoxTestRunner@38102d01]" started-at="2025-06-15T13:14:13 IST" name="tearDownClass" finished-at="2025-06-15T13:14:13 IST" duration-ms="2" status="PASS">
          <reporter-output>
          </reporter-output>
        </test-method> <!-- tearDownClass -->
      </class> <!-- runners.TextBoxTestRunner -->
    </test> <!-- Default test -->
  </suite> <!-- Default suite -->
</testng-results>
