<?xml version="1.0" encoding="UTF-8"?>
<!-- Generated by org.testng.reporters.JUnitReportReporter -->
<testsuite hostname="Dine" failures="0" tests="4" name="testNGBasic.testNgGroupsExample" time="0.017" errors="0" timestamp="2025-04-06T22:44:38 IST" skipped="0">
  <testcase classname="testNGBasic.testNgGroupsExample" name="enterCreds" time="0.012"/>
  <testcase classname="testNGBasic.testNgGroupsExample" name="submitExm" time="0.001"/>
  <testcase classname="testNGBasic.testNgGroupsExample" name="loginExm" time="0.002"/>
  <testcase classname="testNGBasic.testNgGroupsExample" name="selectTranx" time="0.002"/>
</testsuite> <!-- testNGBasic.testNgGroupsExample -->
