<?xml version="1.0" encoding="UTF-8"?>
<!-- Generated by org.testng.reporters.JUnitXMLReporter -->
<testsuite ignored="0" hostname="Dine" failures="0" tests="6" name="Test" time="0.139" errors="0" timestamp="2025-04-06T23:11:56 IST">
  <testcase classname="testNGBasic.testNgLoginApplicationParameters" name="enterCreds" time="0.012"/>
  <testcase classname="testNGBasic.testNgLoginApplicationParameters" name="submitExm" time="0.002"/>
  <testcase classname="testNGBasic.testNgLoginApplicationParameters" name="greetCustomer" time="0.018"/>
  <testcase classname="testNGBasic.testNgLoginApplicationParameters" name="selectTranx" time="0.001"/>
  <testcase classname="testNGBasic.testNgLoginApplicationParameters" name="loginExm" time="0.001"/>
  <testcase classname="testNGBasic.testNgLoginApplicationParameters" name="createCase" time="0.001"/>
</testsuite> <!-- Test -->
